<?xml version="1.0" encoding="UTF-8" ?>
<testsuite failures="0" time="0.395" errors="0" skipped="0" tests="1" name="no.boligpriser.repository.BrukerRepositoryTest">
  <properties>
    <property name="java.runtime.name" value="Java(TM) SE Runtime Environment"/>
    <property name="sun.boot.library.path" value="/System/Library/Java/JavaVirtualMachines/1.6.0.jdk/Contents/Libraries"/>
    <property name="java.vm.version" value="20.14-b01-447"/>
    <property name="awt.nativeDoubleBuffering" value="true"/>
    <property name="gopherProxySet" value="false"/>
    <property name="mrj.build" value="11M4203"/>
    <property name="java.vm.vendor" value="Apple Inc."/>
    <property name="java.vendor.url" value="http://www.apple.com/"/>
    <property name="path.separator" value=":"/>
    <property name="java.vm.name" value="Java HotSpot(TM) 64-Bit Server VM"/>
    <property name="file.encoding.pkg" value="sun.io"/>
    <property name="user.country" value="US"/>
    <property name="sun.java.launcher" value="SUN_STANDARD"/>
    <property name="sun.os.patch.level" value="unknown"/>
    <property name="java.vm.specification.name" value="Java Virtual Machine Specification"/>
    <property name="user.dir" value="/Users/thomasf/Workspace/boligpriser/java/boligpriser"/>
    <property name="java.runtime.version" value="1.6.0_43-b01-447-11M4203"/>
    <property name="java.awt.graphicsenv" value="apple.awt.CGraphicsEnvironment"/>
    <property name="basedir" value="/Users/thomasf/Workspace/boligpriser/java/boligpriser"/>
    <property name="java.endorsed.dirs" value="/System/Library/Java/JavaVirtualMachines/1.6.0.jdk/Contents/Home/lib/endorsed"/>
    <property name="os.arch" value="x86_64"/>
    <property name="surefire.real.class.path" value="/Users/thomasf/Workspace/boligpriser/java/boligpriser/target/surefire/surefirebooter6164931925613948693.jar"/>
    <property name="java.io.tmpdir" value="/var/folders/ss/nx94x0k97tdgwm8hlw491x040000gp/T/"/>
    <property name="line.separator" value="
"/>
    <property name="java.vm.specification.vendor" value="Sun Microsystems Inc."/>
    <property name="os.name" value="Mac OS X"/>
    <property name="sun.jnu.encoding" value="MacRoman"/>
    <property name="java.library.path" value=".:/Library/Java/Extensions:/System/Library/Java/Extensions:/usr/lib/java"/>
    <property name="surefire.test.class.path" value="/Users/thomasf/Workspace/boligpriser/java/boligpriser/target/test-classes:/Users/thomasf/Workspace/boligpriser/java/boligpriser/target/classes:/Users/thomasf/.m2/repository/org/springframework/spring-webmvc/3.2.1.RELEASE/spring-webmvc-3.2.1.RELEASE.jar:/Users/thomasf/.m2/repository/org/springframework/spring-expression/3.2.1.RELEASE/spring-expression-3.2.1.RELEASE.jar:/Users/thomasf/.m2/repository/org/springframework/spring-beans/3.2.1.RELEASE/spring-beans-3.2.1.RELEASE.jar:/Users/thomasf/.m2/repository/org/springframework/spring-core/3.2.1.RELEASE/spring-core-3.2.1.RELEASE.jar:/Users/thomasf/.m2/repository/commons-logging/commons-logging/1.1.1/commons-logging-1.1.1.jar:/Users/thomasf/.m2/repository/org/springframework/spring-jdbc/3.2.1.RELEASE/spring-jdbc-3.2.1.RELEASE.jar:/Users/thomasf/.m2/repository/org/springframework/spring-tx/3.2.1.RELEASE/spring-tx-3.2.1.RELEASE.jar:/Users/thomasf/.m2/repository/aopalliance/aopalliance/1.0/aopalliance-1.0.jar:/Users/thomasf/.m2/repository/org/springframework/social/spring-social-core/1.1.0.BUILD-SNAPSHOT/spring-social-core-1.1.0.BUILD-SNAPSHOT.jar:/Users/thomasf/.m2/repository/org/springframework/spring-web/3.2.1.RELEASE/spring-web-3.2.1.RELEASE.jar:/Users/thomasf/.m2/repository/org/springframework/spring-context/3.2.1.RELEASE/spring-context-3.2.1.RELEASE.jar:/Users/thomasf/.m2/repository/org/springframework/social/spring-social-web/1.1.0.BUILD-SNAPSHOT/spring-social-web-1.1.0.BUILD-SNAPSHOT.jar:/Users/thomasf/.m2/repository/javax/inject/javax.inject/1/javax.inject-1.jar:/Users/thomasf/.m2/repository/org/springframework/social/spring-social-facebook/1.1.0.BUILD-SNAPSHOT/spring-social-facebook-1.1.0.BUILD-SNAPSHOT.jar:/Users/thomasf/.m2/repository/org/springframework/social/spring-social-config/1.1.0.BUILD-SNAPSHOT/spring-social-config-1.1.0.BUILD-SNAPSHOT.jar:/Users/thomasf/.m2/repository/org/springframework/security/spring-security-crypto/3.1.3.RELEASE/spring-security-crypto-3.1.3.RELEASE.jar:/Users/thomasf/.m2/repository/com/h2database/h2/1.3.159/h2-1.3.159.jar:/Users/thomasf/.m2/repository/javax/servlet/servlet-api/2.5/servlet-api-2.5.jar:/Users/thomasf/.m2/repository/javax/servlet/jsp/jsp-api/2.1/jsp-api-2.1.jar:/Users/thomasf/.m2/repository/javax/servlet/jsp/jstl/jstl-api/1.2/jstl-api-1.2.jar:/Users/thomasf/.m2/repository/org/glassfish/web/jstl-impl/1.2/jstl-impl-1.2.jar:/Users/thomasf/.m2/repository/cglib/cglib-nodep/2.2/cglib-nodep-2.2.jar:/Users/thomasf/.m2/repository/postgresql/postgresql/8.4-702.jdbc3/postgresql-8.4-702.jdbc3.jar:/Users/thomasf/.m2/repository/commons-dbcp/commons-dbcp/1.4/commons-dbcp-1.4.jar:/Users/thomasf/.m2/repository/commons-pool/commons-pool/1.5.4/commons-pool-1.5.4.jar:/Users/thomasf/.m2/repository/junit/junit/4.8.1/junit-4.8.1.jar:/Users/thomasf/.m2/repository/com/sun/jersey/jersey-server/1.8/jersey-server-1.8.jar:/Users/thomasf/.m2/repository/asm/asm/3.1/asm-3.1.jar:/Users/thomasf/.m2/repository/com/sun/jersey/jersey-core/1.8/jersey-core-1.8.jar:/Users/thomasf/.m2/repository/com/sun/jersey/jersey-json/1.8/jersey-json-1.8.jar:/Users/thomasf/.m2/repository/org/codehaus/jettison/jettison/1.1/jettison-1.1.jar:/Users/thomasf/.m2/repository/stax/stax-api/1.0.1/stax-api-1.0.1.jar:/Users/thomasf/.m2/repository/com/sun/xml/bind/jaxb-impl/2.2.3-1/jaxb-impl-2.2.3-1.jar:/Users/thomasf/.m2/repository/javax/xml/bind/jaxb-api/2.2.2/jaxb-api-2.2.2.jar:/Users/thomasf/.m2/repository/javax/xml/stream/stax-api/1.0-2/stax-api-1.0-2.jar:/Users/thomasf/.m2/repository/javax/activation/activation/1.1/activation-1.1.jar:/Users/thomasf/.m2/repository/org/codehaus/jackson/jackson-core-asl/1.9.6/jackson-core-asl-1.9.6.jar:/Users/thomasf/.m2/repository/org/codehaus/jackson/jackson-mapper-asl/1.9.6/jackson-mapper-asl-1.9.6.jar:/Users/thomasf/.m2/repository/org/codehaus/jackson/jackson-xc/1.9.6/jackson-xc-1.9.6.jar:/Users/thomasf/.m2/repository/org/codehaus/jackson/jackson-jaxrs/1.9.6/jackson-jaxrs-1.9.6.jar:/Users/thomasf/.m2/repository/com/sun/jersey/contribs/jersey-spring/1.8/jersey-spring-1.8.jar:/Users/thomasf/.m2/repository/org/springframework/spring-aop/2.5.6.SEC03/spring-aop-2.5.6.SEC03.jar:/Users/thomasf/.m2/repository/org/hibernate/hibernate-entitymanager/3.5.1-Final/hibernate-entitymanager-3.5.1-Final.jar:/Users/thomasf/.m2/repository/org/hibernate/hibernate-core/3.5.1-Final/hibernate-core-3.5.1-Final.jar:/Users/thomasf/.m2/repository/antlr/antlr/2.7.6/antlr-2.7.6.jar:/Users/thomasf/.m2/repository/commons-collections/commons-collections/3.1/commons-collections-3.1.jar:/Users/thomasf/.m2/repository/dom4j/dom4j/1.6.1/dom4j-1.6.1.jar:/Users/thomasf/.m2/repository/xml-apis/xml-apis/1.0.b2/xml-apis-1.0.b2.jar:/Users/thomasf/.m2/repository/javax/transaction/jta/1.1/jta-1.1.jar:/Users/thomasf/.m2/repository/org/hibernate/hibernate-annotations/3.5.1-Final/hibernate-annotations-3.5.1-Final.jar:/Users/thomasf/.m2/repository/org/hibernate/hibernate-commons-annotations/3.2.0.Final/hibernate-commons-annotations-3.2.0.Final.jar:/Users/thomasf/.m2/repository/cglib/cglib/2.2/cglib-2.2.jar:/Users/thomasf/.m2/repository/javassist/javassist/3.9.0.GA/javassist-3.9.0.GA.jar:/Users/thomasf/.m2/repository/org/hibernate/javax/persistence/hibernate-jpa-2.0-api/1.0.0.Final/hibernate-jpa-2.0-api-1.0.0.Final.jar:/Users/thomasf/.m2/repository/org/slf4j/slf4j-api/1.5.8/slf4j-api-1.5.8.jar:"/>
    <property name="java.specification.name" value="Java Platform API Specification"/>
    <property name="java.class.version" value="50.0"/>
    <property name="sun.management.compiler" value="HotSpot 64-Bit Tiered Compilers"/>
    <property name="os.version" value="10.7.5"/>
    <property name="http.nonProxyHosts" value="local|*.local|169.254/16|*.169.254/16"/>
    <property name="user.home" value="/Users/thomasf"/>
    <property name="user.timezone" value="Europe/Oslo"/>
    <property name="java.awt.printerjob" value="apple.awt.CPrinterJob"/>
    <property name="java.specification.version" value="1.6"/>
    <property name="file.encoding" value="MacRoman"/>
    <property name="user.name" value="thomasf"/>
    <property name="java.class.path" value="/Users/thomasf/Workspace/boligpriser/java/boligpriser/target/test-classes:/Users/thomasf/Workspace/boligpriser/java/boligpriser/target/classes:/Users/thomasf/.m2/repository/org/springframework/spring-webmvc/3.2.1.RELEASE/spring-webmvc-3.2.1.RELEASE.jar:/Users/thomasf/.m2/repository/org/springframework/spring-expression/3.2.1.RELEASE/spring-expression-3.2.1.RELEASE.jar:/Users/thomasf/.m2/repository/org/springframework/spring-beans/3.2.1.RELEASE/spring-beans-3.2.1.RELEASE.jar:/Users/thomasf/.m2/repository/org/springframework/spring-core/3.2.1.RELEASE/spring-core-3.2.1.RELEASE.jar:/Users/thomasf/.m2/repository/commons-logging/commons-logging/1.1.1/commons-logging-1.1.1.jar:/Users/thomasf/.m2/repository/org/springframework/spring-jdbc/3.2.1.RELEASE/spring-jdbc-3.2.1.RELEASE.jar:/Users/thomasf/.m2/repository/org/springframework/spring-tx/3.2.1.RELEASE/spring-tx-3.2.1.RELEASE.jar:/Users/thomasf/.m2/repository/aopalliance/aopalliance/1.0/aopalliance-1.0.jar:/Users/thomasf/.m2/repository/org/springframework/social/spring-social-core/1.1.0.BUILD-SNAPSHOT/spring-social-core-1.1.0.BUILD-SNAPSHOT.jar:/Users/thomasf/.m2/repository/org/springframework/spring-web/3.2.1.RELEASE/spring-web-3.2.1.RELEASE.jar:/Users/thomasf/.m2/repository/org/springframework/spring-context/3.2.1.RELEASE/spring-context-3.2.1.RELEASE.jar:/Users/thomasf/.m2/repository/org/springframework/social/spring-social-web/1.1.0.BUILD-SNAPSHOT/spring-social-web-1.1.0.BUILD-SNAPSHOT.jar:/Users/thomasf/.m2/repository/javax/inject/javax.inject/1/javax.inject-1.jar:/Users/thomasf/.m2/repository/org/springframework/social/spring-social-facebook/1.1.0.BUILD-SNAPSHOT/spring-social-facebook-1.1.0.BUILD-SNAPSHOT.jar:/Users/thomasf/.m2/repository/org/springframework/social/spring-social-config/1.1.0.BUILD-SNAPSHOT/spring-social-config-1.1.0.BUILD-SNAPSHOT.jar:/Users/thomasf/.m2/repository/org/springframework/security/spring-security-crypto/3.1.3.RELEASE/spring-security-crypto-3.1.3.RELEASE.jar:/Users/thomasf/.m2/repository/com/h2database/h2/1.3.159/h2-1.3.159.jar:/Users/thomasf/.m2/repository/javax/servlet/servlet-api/2.5/servlet-api-2.5.jar:/Users/thomasf/.m2/repository/javax/servlet/jsp/jsp-api/2.1/jsp-api-2.1.jar:/Users/thomasf/.m2/repository/javax/servlet/jsp/jstl/jstl-api/1.2/jstl-api-1.2.jar:/Users/thomasf/.m2/repository/org/glassfish/web/jstl-impl/1.2/jstl-impl-1.2.jar:/Users/thomasf/.m2/repository/cglib/cglib-nodep/2.2/cglib-nodep-2.2.jar:/Users/thomasf/.m2/repository/postgresql/postgresql/8.4-702.jdbc3/postgresql-8.4-702.jdbc3.jar:/Users/thomasf/.m2/repository/commons-dbcp/commons-dbcp/1.4/commons-dbcp-1.4.jar:/Users/thomasf/.m2/repository/commons-pool/commons-pool/1.5.4/commons-pool-1.5.4.jar:/Users/thomasf/.m2/repository/junit/junit/4.8.1/junit-4.8.1.jar:/Users/thomasf/.m2/repository/com/sun/jersey/jersey-server/1.8/jersey-server-1.8.jar:/Users/thomasf/.m2/repository/asm/asm/3.1/asm-3.1.jar:/Users/thomasf/.m2/repository/com/sun/jersey/jersey-core/1.8/jersey-core-1.8.jar:/Users/thomasf/.m2/repository/com/sun/jersey/jersey-json/1.8/jersey-json-1.8.jar:/Users/thomasf/.m2/repository/org/codehaus/jettison/jettison/1.1/jettison-1.1.jar:/Users/thomasf/.m2/repository/stax/stax-api/1.0.1/stax-api-1.0.1.jar:/Users/thomasf/.m2/repository/com/sun/xml/bind/jaxb-impl/2.2.3-1/jaxb-impl-2.2.3-1.jar:/Users/thomasf/.m2/repository/javax/xml/bind/jaxb-api/2.2.2/jaxb-api-2.2.2.jar:/Users/thomasf/.m2/repository/javax/xml/stream/stax-api/1.0-2/stax-api-1.0-2.jar:/Users/thomasf/.m2/repository/javax/activation/activation/1.1/activation-1.1.jar:/Users/thomasf/.m2/repository/org/codehaus/jackson/jackson-core-asl/1.9.6/jackson-core-asl-1.9.6.jar:/Users/thomasf/.m2/repository/org/codehaus/jackson/jackson-mapper-asl/1.9.6/jackson-mapper-asl-1.9.6.jar:/Users/thomasf/.m2/repository/org/codehaus/jackson/jackson-xc/1.9.6/jackson-xc-1.9.6.jar:/Users/thomasf/.m2/repository/org/codehaus/jackson/jackson-jaxrs/1.9.6/jackson-jaxrs-1.9.6.jar:/Users/thomasf/.m2/repository/com/sun/jersey/contribs/jersey-spring/1.8/jersey-spring-1.8.jar:/Users/thomasf/.m2/repository/org/springframework/spring-aop/2.5.6.SEC03/spring-aop-2.5.6.SEC03.jar:/Users/thomasf/.m2/repository/org/hibernate/hibernate-entitymanager/3.5.1-Final/hibernate-entitymanager-3.5.1-Final.jar:/Users/thomasf/.m2/repository/org/hibernate/hibernate-core/3.5.1-Final/hibernate-core-3.5.1-Final.jar:/Users/thomasf/.m2/repository/antlr/antlr/2.7.6/antlr-2.7.6.jar:/Users/thomasf/.m2/repository/commons-collections/commons-collections/3.1/commons-collections-3.1.jar:/Users/thomasf/.m2/repository/dom4j/dom4j/1.6.1/dom4j-1.6.1.jar:/Users/thomasf/.m2/repository/xml-apis/xml-apis/1.0.b2/xml-apis-1.0.b2.jar:/Users/thomasf/.m2/repository/javax/transaction/jta/1.1/jta-1.1.jar:/Users/thomasf/.m2/repository/org/hibernate/hibernate-annotations/3.5.1-Final/hibernate-annotations-3.5.1-Final.jar:/Users/thomasf/.m2/repository/org/hibernate/hibernate-commons-annotations/3.2.0.Final/hibernate-commons-annotations-3.2.0.Final.jar:/Users/thomasf/.m2/repository/cglib/cglib/2.2/cglib-2.2.jar:/Users/thomasf/.m2/repository/javassist/javassist/3.9.0.GA/javassist-3.9.0.GA.jar:/Users/thomasf/.m2/repository/org/hibernate/javax/persistence/hibernate-jpa-2.0-api/1.0.0.Final/hibernate-jpa-2.0-api-1.0.0.Final.jar:/Users/thomasf/.m2/repository/org/slf4j/slf4j-api/1.5.8/slf4j-api-1.5.8.jar:"/>
    <property name="java.vm.specification.version" value="1.0"/>
    <property name="sun.arch.data.model" value="64"/>
    <property name="java.home" value="/System/Library/Java/JavaVirtualMachines/1.6.0.jdk/Contents/Home"/>
    <property name="sun.java.command" value="/Users/thomasf/Workspace/boligpriser/java/boligpriser/target/surefire/surefirebooter6164931925613948693.jar /Users/thomasf/Workspace/boligpriser/java/boligpriser/target/surefire/surefire7567482346299550019tmp /Users/thomasf/Workspace/boligpriser/java/boligpriser/target/surefire/surefire6070690040899858472tmp"/>
    <property name="java.specification.vendor" value="Sun Microsystems Inc."/>
    <property name="user.language" value="en"/>
    <property name="awt.toolkit" value="apple.awt.CToolkit"/>
    <property name="java.vm.info" value="mixed mode"/>
    <property name="java.version" value="1.6.0_43"/>
    <property name="java.ext.dirs" value="/Library/Java/Extensions:/System/Library/Java/Extensions:/System/Library/Java/JavaVirtualMachines/1.6.0.jdk/Contents/Home/lib/ext"/>
    <property name="sun.boot.class.path" value="/System/Library/Java/JavaVirtualMachines/1.6.0.jdk/Contents/Classes/jsfd.jar:/System/Library/Java/JavaVirtualMachines/1.6.0.jdk/Contents/Classes/classes.jar:/System/Library/Frameworks/JavaVM.framework/Frameworks/JavaRuntimeSupport.framework/Resources/Java/JavaRuntimeSupport.jar:/System/Library/Java/JavaVirtualMachines/1.6.0.jdk/Contents/Classes/ui.jar:/System/Library/Java/JavaVirtualMachines/1.6.0.jdk/Contents/Classes/laf.jar:/System/Library/Java/JavaVirtualMachines/1.6.0.jdk/Contents/Classes/sunrsasign.jar:/System/Library/Java/JavaVirtualMachines/1.6.0.jdk/Contents/Classes/jsse.jar:/System/Library/Java/JavaVirtualMachines/1.6.0.jdk/Contents/Classes/jce.jar:/System/Library/Java/JavaVirtualMachines/1.6.0.jdk/Contents/Classes/charsets.jar"/>
    <property name="java.vendor" value="Apple Inc."/>
    <property name="localRepository" value="/Users/thomasf/.m2/repository"/>
    <property name="file.separator" value="/"/>
    <property name="java.vendor.url.bug" value="http://bugreport.apple.com/"/>
    <property name="sun.cpu.endian" value="little"/>
    <property name="sun.io.unicode.encoding" value="UnicodeLittle"/>
    <property name="mrj.version" value="1070.1.6.0_43-447"/>
    <property name="socksNonProxyHosts" value="local|*.local|169.254/16|*.169.254/16"/>
    <property name="ftp.nonProxyHosts" value="local|*.local|169.254/16|*.169.254/16"/>
    <property name="sun.cpu.isalist" value=""/>
  </properties>
  <testcase time="0.353" classname="no.boligpriser.repository.BrukerRepositoryTest" name="testQuery"/>
</testsuite>